This file contains any messages produced by compilers while
running configure, to aid debugging if configure makes a mistake.

It was created by The Glorious Glasgow Haskell Compilation System configure 9.2.2, which was
generated by GNU Autoconf 2.71.  Invocation command line was

  $ /Users/alexandershilen/.stack/programs/x86_64-osx/ghc-9.2.2.temp/ghc-9.2.2-x86_64-apple-darwin/configure

## --------- ##
## Platform. ##
## --------- ##

hostname = AlexandersMBP2.lan
uname -m = x86_64
uname -r = 18.7.0
uname -s = Darwin
uname -v = Darwin Kernel Version 18.7.0: Tue Aug 20 16:57:14 PDT 2019; root:xnu-4903.271.2~2/RELEASE_X86_64

/usr/bin/uname -p = i386
/bin/uname -X     = unknown

/bin/arch              = unknown
/usr/bin/arch -k       = unknown
/usr/convex/getsysinfo = unknown
/usr/bin/hostinfo      = Mach kernel version:
	 Darwin Kernel Version 18.7.0: Tue Aug 20 16:57:14 PDT 2019; root:xnu-4903.271.2~2/RELEASE_X86_64
Kernel configured for up to 8 processors.
4 processors are physically available.
8 processors are logically available.
Processor type: x86_64h (Intel x86-64h Haswell)
Processors active: 0 1 2 3 4 5 6 7
Primary memory available: 16.00 gigabytes
Default processor set: 463 tasks, 3070 threads, 8 processors
Load average: 1.88, Mach factor: 6.12
/bin/machine           = unknown
/usr/bin/oslevel       = unknown
/bin/universe          = unknown

PATH: /Users/alexandershilen/.nvm/versions/node/v14.18.1/bin/
PATH: /Users/alexandershilen/.cabal/bin/
PATH: /Users/alexandershilen/.ghcup/bin/
PATH: /usr/local/opt/terraform@0.11/bin/
PATH: /usr/local/opt/ruby/bin/
PATH: /Users/alexandershilen/.nix-profile/bin/
PATH: /nix/var/nix/profiles/default/bin/
PATH: /usr/local/bin/
PATH: /usr/bin/
PATH: /bin/
PATH: /usr/sbin/
PATH: /sbin/
PATH: /Library/TeX/texbin/


## ----------- ##
## Core tests. ##
## ----------- ##

configure:2604: looking for aux files: install-sh config.guess config.sub
configure:2617:  trying /Users/alexandershilen/.stack/programs/x86_64-osx/ghc-9.2.2.temp/ghc-9.2.2-x86_64-apple-darwin/
configure:2628:   /Users/alexandershilen/.stack/programs/x86_64-osx/ghc-9.2.2.temp/ghc-9.2.2-x86_64-apple-darwin/install-sh found
configure:2646:   /Users/alexandershilen/.stack/programs/x86_64-osx/ghc-9.2.2.temp/ghc-9.2.2-x86_64-apple-darwin/config.guess found
configure:2646:   /Users/alexandershilen/.stack/programs/x86_64-osx/ghc-9.2.2.temp/ghc-9.2.2-x86_64-apple-darwin/config.sub found
configure:2834: checking build system type
configure:2849: result: x86_64-apple-darwin18.7.0
configure:2869: checking host system type
configure:2883: result: x86_64-apple-darwin18.7.0
configure:2903: checking target system type
configure:2917: result: x86_64-apple-darwin18.7.0
configure:3912: checking for path to top of build tree
configure:3938: result: /Users/alexandershilen/poetrymachine/interpreter
configure:3973: checking for a BSD-compatible install
configure:4046: result: /usr/bin/install -c
configure:4060: checking whether ln -s works
configure:4064: result: yes
configure:4076: checking for gsed
configure:4112: result: sed
configure:4124: checking for python3
configure:4147: found /usr/local/bin/python3
configure:4159: result: /usr/local/bin/python3
configure:4174: checking Xcode version
configure:4180: result: not found (too old?)
configure:4265: checking for gcc
configure:4286: found /usr/bin/gcc
configure:4297: result: gcc
configure:4328: checking for C compiler version
configure:4337: gcc --version >&5
Apple LLVM version 10.0.1 (clang-1001.0.46.4)
Target: x86_64-apple-darwin18.7.0
Thread model: posix
InstalledDir: /Library/Developer/CommandLineTools/usr/bin
Configured with: --prefix=/Library/Developer/CommandLineTools/usr --with-gxx-include-dir=/Library/Developer/CommandLineTools/SDKs/MacOSX10.14.sdk/usr/include/c++/4.2.1
configure:4348: $? = 0
configure:4337: gcc -v >&5
Configured with: --prefix=/Library/Developer/CommandLineTools/usr --with-gxx-include-dir=/Library/Developer/CommandLineTools/SDKs/MacOSX10.14.sdk/usr/include/c++/4.2.1
Apple LLVM version 10.0.1 (clang-1001.0.46.4)
Target: x86_64-apple-darwin18.7.0
Thread model: posix
InstalledDir: /Library/Developer/CommandLineTools/usr/bin
configure:4348: $? = 0
configure:4337: gcc -V >&5
clang: error: unsupported option '-V -Wno-atomic-implicit-seq-cst'
clang: error: no input files
configure:4348: $? = 1
configure:4337: gcc -qversion >&5
clang: error: unknown argument '-qversion', did you mean '--version'?
clang: error: no input files
configure:4348: $? = 1
configure:4337: gcc -version >&5
clang: error: unknown argument '-version', did you mean '--version'?
clang: error: no input files
configure:4348: $? = 1
configure:4368: checking whether the C compiler works
configure:4390: gcc    conftest.c  >&5
configure:4394: $? = 0
configure:4444: result: yes
configure:4447: checking for C compiler default output file name
configure:4449: result: a.out
configure:4455: checking for suffix of executables
configure:4462: gcc -o conftest    conftest.c  >&5
configure:4466: $? = 0
configure:4489: result: 
configure:4511: checking whether we are cross compiling
configure:4519: gcc -o conftest    conftest.c  >&5
configure:4523: $? = 0
configure:4530: ./conftest
configure:4534: $? = 0
configure:4549: result: no
configure:4554: checking for suffix of object files
configure:4577: gcc -c   conftest.c >&5
configure:4581: $? = 0
configure:4603: result: o
configure:4607: checking whether the compiler supports GNU C
configure:4627: gcc -c   conftest.c >&5
configure:4627: $? = 0
configure:4637: result: yes
configure:4648: checking whether gcc accepts -g
configure:4669: gcc -c -g  conftest.c >&5
configure:4669: $? = 0
configure:4713: result: yes
configure:4733: checking for gcc option to enable C11 features
configure:4748: gcc  -c -g -O2  conftest.c >&5
configure:4748: $? = 0
configure:4766: result: none needed
configure:4882: checking how to run the C preprocessor
configure:4908: gcc -E  conftest.c
configure:4908: $? = 0
configure:4923: gcc -E  conftest.c
conftest.c:9:10: fatal error: 'ac_nonexistent.h' file not found
#include <ac_nonexistent.h>
         ^~~~~~~~~~~~~~~~~~
1 error generated.
configure:4923: $? = 1
configure: failed program was:
| /* confdefs.h */
| #define PACKAGE_NAME "The Glorious Glasgow Haskell Compilation System"
| #define PACKAGE_TARNAME "ghc-9.2.2"
| #define PACKAGE_VERSION "9.2.2"
| #define PACKAGE_STRING "The Glorious Glasgow Haskell Compilation System 9.2.2"
| #define PACKAGE_BUGREPORT "glasgow-haskell-bugs@haskell.org"
| #define PACKAGE_URL ""
| /* end confdefs.h.  */
| #include <ac_nonexistent.h>
configure:4950: result: gcc -E
configure:4964: gcc -E  conftest.c
configure:4964: $? = 0
configure:4979: gcc -E  conftest.c
conftest.c:9:10: fatal error: 'ac_nonexistent.h' file not found
#include <ac_nonexistent.h>
         ^~~~~~~~~~~~~~~~~~
1 error generated.
configure:4979: $? = 1
configure: failed program was:
| /* confdefs.h */
| #define PACKAGE_NAME "The Glorious Glasgow Haskell Compilation System"
| #define PACKAGE_TARNAME "ghc-9.2.2"
| #define PACKAGE_VERSION "9.2.2"
| #define PACKAGE_STRING "The Glorious Glasgow Haskell Compilation System 9.2.2"
| #define PACKAGE_BUGREPORT "glasgow-haskell-bugs@haskell.org"
| #define PACKAGE_URL ""
| /* end confdefs.h.  */
| #include <ac_nonexistent.h>
configure:5195: checking whether GCC supports -no-pie
configure:5205: result: no
configure:5327: checking for -ld.lld
configure:5362: result: no
configure:5372: checking for ld.lld
configure:5407: result: no
configure:5327: checking for -ld.gold
configure:5362: result: no
configure:5372: checking for ld.gold
configure:5407: result: no
configure:5327: checking for -ld
configure:5362: result: no
configure:5372: checking for ld
configure:5393: found /usr/bin/ld
configure:5404: result: ld
configure:5512: unknown linker version 
configure:5516: unable to convince 'gcc' to use linker 'ld'
configure:5531: checking for -ld
configure:5566: result: no
configure:5576: checking for ld
configure:5597: found /usr/bin/ld
configure:5608: result: ld
configure:5975: checking for ld.gold object merging bug (binutils 22266)
configure:6277: checking whether ld is GNU ld
configure:6289: result: NO
configure:6295: checking whether ld understands --build-id
configure:6310: result: no
configure:6320: checking whether ld understands -no_compact_unwind
configure:6335: result: yes
configure:6345: checking whether ld understands -filelist
configure:6367: result: yes
configure:6379: checking for -strip
configure:6414: result: no
configure:6424: checking for strip
configure:6445: found /usr/bin/strip
configure:6456: result: strip
configure:6486: checking for gawk
configure:6521: result: no
configure:6486: checking for mawk
configure:6521: result: no
configure:6486: checking for nawk
configure:6521: result: no
configure:6486: checking for awk
configure:6507: found /usr/bin/awk
configure:6518: result: awk
configure:6586: checking for llc-13
configure:6621: result: no
configure:6586: checking for llc-13.0
configure:6621: result: no
configure:6586: checking for llc-12
configure:6621: result: no
configure:6586: checking for llc-12.0
configure:6621: result: no
configure:6586: checking for llc-11
configure:6621: result: no
configure:6586: checking for llc-11.0
configure:6621: result: no
configure:6586: checking for llc-10
configure:6621: result: no
configure:6586: checking for llc-10.0
configure:6621: result: no
configure:6586: checking for llc-9
configure:6621: result: no
configure:6586: checking for llc-9.0
configure:6621: result: no
configure:6586: checking for llc
configure:6621: result: no
configure:6800: checking for opt-13
configure:6835: result: no
configure:6800: checking for opt-13.0
configure:6835: result: no
configure:6800: checking for opt-12
configure:6835: result: no
configure:6800: checking for opt-12.0
configure:6835: result: no
configure:6800: checking for opt-11
configure:6835: result: no
configure:6800: checking for opt-11.0
configure:6835: result: no
configure:6800: checking for opt-10
configure:6835: result: no
configure:6800: checking for opt-10.0
configure:6835: result: no
configure:6800: checking for opt-9
configure:6835: result: no
configure:6800: checking for opt-9.0
configure:6835: result: no
configure:6800: checking for opt
configure:6835: result: no
configure:7009: $CC is not gcc; assuming it's a reasonably new C compiler
configure:7015: checking whether GCC supports -no-pie
configure:7025: result: no
configure:7031: checking for extra options to pass gcc when compiling via C
configure:7045: result: 
configure:7053: checking Setting up CFLAGS, LDFLAGS, IGNORE_LINKER_LD_FLAGS and CPPFLAGS
configure:7142: result: done
configure:7147: checking Setting up CONF_CC_OPTS_STAGE0, CONF_GCC_LINKER_OPTS_STAGE0, CONF_LD_LINKER_OPTS_STAGE0 and CONF_CPP_OPTS_STAGE0
configure:7236: result: done
configure:7241: checking Setting up CONF_CC_OPTS_STAGE1, CONF_GCC_LINKER_OPTS_STAGE1, CONF_LD_LINKER_OPTS_STAGE1 and CONF_CPP_OPTS_STAGE1
configure:7330: result: done
configure:7336: checking Setting up CONF_CC_OPTS_STAGE2, CONF_GCC_LINKER_OPTS_STAGE2, CONF_LD_LINKER_OPTS_STAGE2 and CONF_CPP_OPTS_STAGE2
configure:7425: result: done
configure:7733: checking for .subsections_via_symbols
configure:7746: gcc -o conftest -g -O2    conftest.c  >&5
configure:7746: $? = 0
configure:7748: result: yes
configure:7768: checking whether your assembler supports .ident directive
configure:7781: gcc -o conftest -g -O2    conftest.c  >&5
configure:7781: $? = 0
configure:7783: result: yes
configure:7805: checking for GNU non-executable stack support
configure:7821: gcc -o conftest    conftest.c  >&5
conftest.c:17:1: warning: expression result unused [-Wunused-value]
0
^
<inline asm>:1:19: error: unexpected token in '.section' directive
.section .note.GNU-stack,"",@progbits
                  ^
<inline asm>:2:15: error: unexpected token in '.section' directive
.section .text
              ^
1 warning and 2 errors generated.
configure:7821: $? = 1
configure: failed program was:
| /* confdefs.h */
| #define PACKAGE_NAME "The Glorious Glasgow Haskell Compilation System"
| #define PACKAGE_TARNAME "ghc-9.2.2"
| #define PACKAGE_VERSION "9.2.2"
| #define PACKAGE_STRING "The Glorious Glasgow Haskell Compilation System 9.2.2"
| #define PACKAGE_BUGREPORT "glasgow-haskell-bugs@haskell.org"
| #define PACKAGE_URL ""
| #define HAVE_SUBSECTIONS_VIA_SYMBOLS 1
| /* end confdefs.h.  */
| 
|            __asm__ (".section .note.GNU-stack,\"\",@progbits");
|            __asm__ (".section .text");
| 
| int
| main (void)
| {
| 0
|   ;
|   return 0;
| }
configure:7827: result: no
configure:7859: checking whether  CC supports --target
configure:7864: result: yes
configure:7887: checking for stdio.h
configure:7887: gcc -c -g -O2   conftest.c >&5
configure:7887: $? = 0
configure:7887: result: yes
configure:7887: checking for stdlib.h
configure:7887: gcc -c -g -O2   conftest.c >&5
configure:7887: $? = 0
configure:7887: result: yes
configure:7887: checking for string.h
configure:7887: gcc -c -g -O2   conftest.c >&5
configure:7887: $? = 0
configure:7887: result: yes
configure:7887: checking for inttypes.h
configure:7887: gcc -c -g -O2   conftest.c >&5
configure:7887: $? = 0
configure:7887: result: yes
configure:7887: checking for stdint.h
configure:7887: gcc -c -g -O2   conftest.c >&5
configure:7887: $? = 0
configure:7887: result: yes
configure:7887: checking for strings.h
configure:7887: gcc -c -g -O2   conftest.c >&5
configure:7887: $? = 0
configure:7887: result: yes
configure:7887: checking for sys/stat.h
configure:7887: gcc -c -g -O2   conftest.c >&5
configure:7887: $? = 0
configure:7887: result: yes
configure:7887: checking for sys/types.h
configure:7887: gcc -c -g -O2   conftest.c >&5
configure:7887: $? = 0
configure:7887: result: yes
configure:7887: checking for unistd.h
configure:7887: gcc -c -g -O2   conftest.c >&5
configure:7887: $? = 0
configure:7887: result: yes
configure:7916: checking size of void *
configure:7922: gcc -o conftest -g -O2    conftest.c  >&5
configure:7922: $? = 0
configure:7922: ./conftest
configure:7922: $? = 0
configure:7937: result: 8
configure:7957: checking whether byte ordering is bigendian
configure:7973: gcc -c -g -O2   conftest.c >&5
configure:7973: $? = 0
configure:8019: gcc -c -g -O2   conftest.c >&5
configure:8019: $? = 0
configure:8038: gcc -c -g -O2   conftest.c >&5
conftest.c:28:4: error: use of undeclared identifier 'not'
                 not big endian
                 ^
1 error generated.
configure:8038: $? = 1
configure: failed program was:
| /* confdefs.h */
| #define PACKAGE_NAME "The Glorious Glasgow Haskell Compilation System"
| #define PACKAGE_TARNAME "ghc-9.2.2"
| #define PACKAGE_VERSION "9.2.2"
| #define PACKAGE_STRING "The Glorious Glasgow Haskell Compilation System 9.2.2"
| #define PACKAGE_BUGREPORT "glasgow-haskell-bugs@haskell.org"
| #define PACKAGE_URL ""
| #define HAVE_SUBSECTIONS_VIA_SYMBOLS 1
| #define HAVE_STDIO_H 1
| #define HAVE_STDLIB_H 1
| #define HAVE_STRING_H 1
| #define HAVE_INTTYPES_H 1
| #define HAVE_STDINT_H 1
| #define HAVE_STRINGS_H 1
| #define HAVE_SYS_STAT_H 1
| #define HAVE_SYS_TYPES_H 1
| #define HAVE_UNISTD_H 1
| #define STDC_HEADERS 1
| #define SIZEOF_VOID_P 8
| /* end confdefs.h.  */
| #include <sys/types.h>
| 		#include <sys/param.h>
| 
| int
| main (void)
| {
| #if BYTE_ORDER != BIG_ENDIAN
| 		 not big endian
| 		#endif
| 
|   ;
|   return 0;
| }
configure:8172: result: no
configure:8255: checking for -ar
configure:8290: result: no
configure:8300: checking for ar
configure:8321: found /usr/bin/ar
configure:8332: result: ar
configure:8354: checking whether ar is GNU ar
configure:8366: result: no
configure:8373: checking for ar arguments
configure:8404: result: qcls
configure:8415: checking whether ar supports @file
configure:8436: result: no
configure:8495: checking for ranlib
configure:8516: found /usr/bin/ranlib
configure:8527: result: ranlib
configure:8913: creating ./config.status

## ---------------------- ##
## Running config.status. ##
## ---------------------- ##

This file was extended by The Glorious Glasgow Haskell Compilation System config.status 9.2.2, which was
generated by GNU Autoconf 2.71.  Invocation command line was

  CONFIG_FILES    = 
  CONFIG_HEADERS  = 
  CONFIG_LINKS    = 
  CONFIG_COMMANDS = 
  $ ./config.status 

on AlexandersMBP2.lan

config.status:853: creating mk/config.mk
config.status:853: creating mk/install.mk

## ---------------- ##
## Cache variables. ##
## ---------------- ##

ac_cv_build=x86_64-apple-darwin18.7.0
ac_cv_c_bigendian=no
ac_cv_c_compiler_gnu=yes
ac_cv_env_CC_set=
ac_cv_env_CC_value=
ac_cv_env_CFLAGS_set=
ac_cv_env_CFLAGS_value=
ac_cv_env_CPPFLAGS_set=
ac_cv_env_CPPFLAGS_value=
ac_cv_env_CPP_set=
ac_cv_env_CPP_value=
ac_cv_env_LDFLAGS_set=
ac_cv_env_LDFLAGS_value=
ac_cv_env_LIBS_set=
ac_cv_env_LIBS_value=
ac_cv_env_LLC_set=
ac_cv_env_LLC_value=
ac_cv_env_OPT_set=
ac_cv_env_OPT_value=
ac_cv_env_build_alias_set=
ac_cv_env_build_alias_value=
ac_cv_env_host_alias_set=
ac_cv_env_host_alias_value=
ac_cv_env_target_alias_set=
ac_cv_env_target_alias_value=
ac_cv_header_inttypes_h=yes
ac_cv_header_stdint_h=yes
ac_cv_header_stdio_h=yes
ac_cv_header_stdlib_h=yes
ac_cv_header_string_h=yes
ac_cv_header_strings_h=yes
ac_cv_header_sys_stat_h=yes
ac_cv_header_sys_types_h=yes
ac_cv_header_unistd_h=yes
ac_cv_host=x86_64-apple-darwin18.7.0
ac_cv_objext=o
ac_cv_path_PYTHON=/usr/local/bin/python3
ac_cv_path_SedCmd=sed
ac_cv_path_install='/usr/bin/install -c'
ac_cv_prog_AWK=awk
ac_cv_prog_CPP='gcc -E'
ac_cv_prog_ac_ct_CC=gcc
ac_cv_prog_ac_ct_LD=ld
ac_cv_prog_ac_ct_RANLIB=ranlib
ac_cv_prog_ac_ct_STRIP=strip
ac_cv_prog_ac_ct_fp_prog_ar=ar
ac_cv_prog_cc_c11=
ac_cv_prog_cc_g=yes
ac_cv_prog_cc_stdc=
ac_cv_sizeof_void_p=8
ac_cv_target=x86_64-apple-darwin18.7.0
fp_cv_gnu_ld=NO
fp_cv_ld_build_id=no
fp_cv_ld_has_filelist=yes
fp_cv_ld_no_compact_unwind=yes
fp_cv_prog_ar_args=qcls
fp_cv_prog_ar_is_gnu=no
fp_cv_prog_ar_needs_ranlib=yes
fp_cv_prog_ar_supports_atfile=no

## ----------------- ##
## Output variables. ##
## ----------------- ##

ARM_ISA=''
AS=''
AWK='awk'
ArArgs='qcls'
ArCmd='ar'
ArIsGNUAr='NO'
ArSupportsAtFile='NO'
BuildArch_CPP='x86_64'
BuildOS_CPP='darwin'
BuildPlatform='x86_64-apple-darwin'
BuildPlatform_CPP='x86_64_apple_darwin'
BuildVendor_CPP='apple'
CC='gcc'
CFLAGS='-g -O2 '
CONF_CC_OPTS_STAGE0=''
CONF_CC_OPTS_STAGE1='--target=x86_64-apple-darwin '
CONF_CC_OPTS_STAGE2='--target=x86_64-apple-darwin '
CONF_CPP_OPTS_STAGE0=''
CONF_CPP_OPTS_STAGE1=''
CONF_CPP_OPTS_STAGE2=''
CONF_GCC_LINKER_OPTS_STAGE0=''
CONF_GCC_LINKER_OPTS_STAGE1='--target=x86_64-apple-darwin  '
CONF_GCC_LINKER_OPTS_STAGE2='--target=x86_64-apple-darwin  '
CONF_LD_LINKER_OPTS_STAGE0=''
CONF_LD_LINKER_OPTS_STAGE1=''
CONF_LD_LINKER_OPTS_STAGE2=''
CPP='gcc -E'
CPPFLAGS=''
CrossCompilePrefix=''
CrossCompiling='NO'
DEFS='-DPACKAGE_NAME=\"The\ Glorious\ Glasgow\ Haskell\ Compilation\ System\" -DPACKAGE_TARNAME=\"ghc-9.2.2\" -DPACKAGE_VERSION=\"9.2.2\" -DPACKAGE_STRING=\"The\ Glorious\ Glasgow\ Haskell\ Compilation\ System\ 9.2.2\" -DPACKAGE_BUGREPORT=\"glasgow-haskell-bugs@haskell.org\" -DPACKAGE_URL=\"\" -DHAVE_SUBSECTIONS_VIA_SYMBOLS=1 -DHAVE_STDIO_H=1 -DHAVE_STDLIB_H=1 -DHAVE_STRING_H=1 -DHAVE_INTTYPES_H=1 -DHAVE_STDINT_H=1 -DHAVE_STRINGS_H=1 -DHAVE_SYS_STAT_H=1 -DHAVE_SYS_TYPES_H=1 -DHAVE_UNISTD_H=1 -DSTDC_HEADERS=1 -DSIZEOF_VOID_P=8'
ECHO_C='\c'
ECHO_N=''
ECHO_T=''
EXEEXT=''
FFIIncludeDir='/Applications/Xcode.app/Contents/Developer/Platforms/MacOSX.platform/Developer/SDKs/MacOSX11.3.sdk/usr/include/ffi'
FFILibDir='/Applications/Xcode.app/Contents/Developer/Platforms/MacOSX.platform/Developer/SDKs/MacOSX11.3.sdk/usr/lib'
GMP_FORCE_INTREE='NO'
GMP_INCLUDE_DIRS=''
GMP_LIB_DIRS=''
GMP_PREFER_FRAMEWORK='NO'
GccExtraViaCOpts=''
GccVersion=''
HaskellCPPArgs='-E -undef -traditional -Wno-invalid-pp-token -Wno-unicode -Wno-trigraphs'
HaskellCPPCmd='gcc'
HaskellHostArch='ArchX86_64'
HaskellHostOs='OSDarwin'
HaskellTargetArch='ArchX86_64'
HaskellTargetOs='OSDarwin'
HostArch_CPP='x86_64'
HostOS_CPP='darwin'
HostPlatform='x86_64-apple-darwin'
HostPlatform_CPP='x86_64_apple_darwin'
HostVendor_CPP='apple'
INSTALL_DATA='${INSTALL} -m 644'
INSTALL_PROGRAM='${INSTALL}'
INSTALL_SCRIPT='${INSTALL}'
LD='ld'
LDFLAGS=''
LIBOBJS=''
LIBS=''
LLC=''
LLVMTarget_CPP='x86_64-apple-darwin'
LN_S='ln -s'
LTLIBOBJS=''
LdCmd='ld'
LdHasBuildId='NO'
LdHasFilelist='YES'
LdHasNoCompactUnwind='YES'
LdIsGNULd='NO'
LibdwIncludeDir=''
LibdwLibDir=''
LlcCmd=''
MergeObjsArgs='-r'
MergeObjsCmd='ld'
OBJEXT='o'
OPT=''
OptCmd=''
PACKAGE_BUGREPORT='glasgow-haskell-bugs@haskell.org'
PACKAGE_NAME='The Glorious Glasgow Haskell Compilation System'
PACKAGE_STRING='The Glorious Glasgow Haskell Compilation System 9.2.2'
PACKAGE_TARNAME='ghc-9.2.2'
PACKAGE_URL=''
PACKAGE_VERSION='9.2.2'
PATH_SEPARATOR=':'
PYTHON='/usr/local/bin/python3'
PythonCmd='/usr/local/bin/python3'
RANLIB='ranlib'
RANLIB_CMD='ranlib'
READELF=''
REAL_RANLIB_CMD='ranlib'
RanlibCmd='ranlib'
SHELL='/bin/sh'
STRIP='strip'
SedCmd='sed'
SettingsArCommand='ar'
SettingsCCompilerCommand='gcc'
SettingsCCompilerFlags='--target=x86_64-apple-darwin '
SettingsCCompilerLinkFlags='--target=x86_64-apple-darwin  '
SettingsCCompilerSupportsNoPie='NO'
SettingsClangCommand='clang'
SettingsCxxCompilerFlags='--target=x86_64-apple-darwin '
SettingsDllWrapCommand='/bin/false'
SettingsHaskellCPPCommand='gcc'
SettingsHaskellCPPFlags='-E -undef -traditional -Wno-invalid-pp-token -Wno-unicode -Wno-trigraphs'
SettingsInstallNameToolCommand='install_name_tool'
SettingsLdCommand='ld'
SettingsLdFlags=''
SettingsLibtoolCommand='libtool'
SettingsLlcCommand='llc'
SettingsMergeObjectsCommand='ld'
SettingsMergeObjectsFlags='-r'
SettingsOptCommand='opt'
SettingsOtoolCommand='otool'
SettingsRanlibCommand='ranlib'
SettingsTouchCommand='touch'
SettingsUseDistroMINGW=''
SettingsWindresCommand='/bin/false'
StripCmd='strip'
TablesNextToCode='YES'
TargetArch_CPP='x86_64'
TargetHasGnuNonexecStack='NO'
TargetHasIdentDirective='YES'
TargetHasRTSLinker='YES'
TargetHasSubsectionsViaSymbols='YES'
TargetOS_CPP='darwin'
TargetPlatform='x86_64-apple-darwin'
TargetPlatformFull='x86_64-apple-darwin'
TargetPlatform_CPP='x86_64_apple_darwin'
TargetVendor_CPP='apple'
TargetWordBigEndian='NO'
TargetWordSize='8'
TmpLd='ld'
Unregisterised='NO'
UseLibdw='NO'
UseLibffiForAdjustors='NO'
ac_ct_CC='gcc'
ac_ct_LLC=''
ac_ct_OPT=''
bindir='${exec_prefix}/bin'
build='x86_64-apple-darwin'
build_alias=''
build_cpu='x86_64'
build_os='darwin18.7.0'
build_vendor='apple'
datadir='${datarootdir}'
datarootdir='${prefix}/share'
docdir='${datarootdir}/doc/${PACKAGE_TARNAME}'
dvidir='${docdir}'
exec_prefix='${prefix}'
exeext_host=''
exeext_target=''
fp_prog_ar='ar'
hardtop='/Users/alexandershilen/poetrymachine/interpreter'
host='x86_64-apple-darwin'
host_alias=''
host_cpu='x86_64'
host_os='darwin18.7.0'
host_vendor='apple'
htmldir='${docdir}'
includedir='${prefix}/include'
infodir='${datarootdir}/info'
libdir='${exec_prefix}/lib'
libexecdir='${exec_prefix}/libexec'
localedir='${datarootdir}/locale'
localstatedir='${prefix}/var'
mandir='${datarootdir}/man'
oldincludedir='/usr/include'
pdfdir='${docdir}'
prefix='/usr/local'
program_transform_name='s,x,x,'
psdir='${docdir}'
runstatedir='${localstatedir}/run'
sbindir='${exec_prefix}/sbin'
sharedstatedir='${prefix}/com'
soext_host='.dylib'
soext_target='.dylib'
sysconfdir='${prefix}/etc'
target='x86_64-apple-darwin'
target_alias=''
target_cpu='x86_64'
target_os='darwin18.7.0'
target_vendor='apple'

## ----------- ##
## confdefs.h. ##
## ----------- ##

/* confdefs.h */
#define PACKAGE_NAME "The Glorious Glasgow Haskell Compilation System"
#define PACKAGE_TARNAME "ghc-9.2.2"
#define PACKAGE_VERSION "9.2.2"
#define PACKAGE_STRING "The Glorious Glasgow Haskell Compilation System 9.2.2"
#define PACKAGE_BUGREPORT "glasgow-haskell-bugs@haskell.org"
#define PACKAGE_URL ""
#define HAVE_SUBSECTIONS_VIA_SYMBOLS 1
#define HAVE_STDIO_H 1
#define HAVE_STDLIB_H 1
#define HAVE_STRING_H 1
#define HAVE_INTTYPES_H 1
#define HAVE_STDINT_H 1
#define HAVE_STRINGS_H 1
#define HAVE_SYS_STAT_H 1
#define HAVE_SYS_TYPES_H 1
#define HAVE_UNISTD_H 1
#define STDC_HEADERS 1
#define SIZEOF_VOID_P 8

configure: exit 0
